
========================================
Running: ./run.sh -t assembly "public-tests/phase4-dataflow/public/input/cp-01.dcf" -O all --debug
----------------------------------------
Optimization counts:
  --> CP: 5
  --> DCE: 4
  --> CSE: 0
Test passed for public-tests/phase4-dataflow/public/input/cp-01.dcf

========================================
Running: ./run.sh -t assembly "public-tests/phase4-dataflow/public/input/cp-02.dcf" -O all --debug
----------------------------------------
Optimization counts:
  --> CP: 6
  --> DCE: 10
  --> CSE: 0
Test passed for public-tests/phase4-dataflow/public/input/cp-02.dcf

========================================
Running: ./run.sh -t assembly "public-tests/phase4-dataflow/public/input/cp-03.dcf" -O all --debug
----------------------------------------
Optimization counts:
  --> CP: 5
  --> DCE: 8
  --> CSE: 0
Test passed for public-tests/phase4-dataflow/public/input/cp-03.dcf

========================================
Running: ./run.sh -t assembly "public-tests/phase4-dataflow/public/input/cp-04.dcf" -O all --debug
----------------------------------------
Optimization counts:
  --> CP: 5
  --> DCE: 7
  --> CSE: 0
Test passed for public-tests/phase4-dataflow/public/input/cp-04.dcf

========================================
Running: ./run.sh -t assembly "public-tests/phase4-dataflow/public/input/cp-05.dcf" -O all --debug
----------------------------------------
Optimization counts:
  --> CP: 0
  --> DCE: 0
  --> CSE: 0
Test passed for public-tests/phase4-dataflow/public/input/cp-05.dcf

========================================
Running: ./run.sh -t assembly "public-tests/phase4-dataflow/public/input/cp-06.dcf" -O all --debug
----------------------------------------
Optimization counts:
  --> CP: 4
  --> DCE: 4
  --> CSE: 0
Test passed for public-tests/phase4-dataflow/public/input/cp-06.dcf

========================================
Running: ./run.sh -t assembly "public-tests/phase4-dataflow/public/input/cp-07.dcf" -O all --debug
----------------------------------------
Optimization counts:
  --> CP: 6
  --> DCE: 11
  --> CSE: 0
Test passed for public-tests/phase4-dataflow/public/input/cp-07.dcf

========================================
Running: ./run.sh -t assembly "public-tests/phase4-dataflow/public/input/cp-08.dcf" -O all --debug
----------------------------------------
Optimization counts:
  --> CP: 6
  --> DCE: 7
  --> CSE: 0
Test passed for public-tests/phase4-dataflow/public/input/cp-08.dcf

========================================
Running: ./run.sh -t assembly "public-tests/phase4-dataflow/public/input/cp-09.dcf" -O all --debug
----------------------------------------
Optimization counts:
  --> CP: 5
  --> DCE: 8
  --> CSE: 0
Test passed for public-tests/phase4-dataflow/public/input/cp-09.dcf

========================================
Running: ./run.sh -t assembly "public-tests/phase4-dataflow/public/input/cp-10.dcf" -O all --debug
----------------------------------------
Optimization counts:
  --> CP: 4
  --> DCE: 4
  --> CSE: 0
Test passed for public-tests/phase4-dataflow/public/input/cp-10.dcf

========================================
Running: ./run.sh -t assembly "public-tests/phase4-dataflow/public/input/cp-11.dcf" -O all --debug
----------------------------------------
Optimization counts:
  --> CP: 7
  --> DCE: 6
  --> CSE: 0
Test passed for public-tests/phase4-dataflow/public/input/cp-11.dcf

========================================
Running: ./run.sh -t assembly "public-tests/phase4-dataflow/public/input/cp-12.dcf" -O all --debug
----------------------------------------
Optimization counts:
  --> CP: 9
  --> DCE: 10
  --> CSE: 0
Test passed for public-tests/phase4-dataflow/public/input/cp-12.dcf

========================================
Running: ./run.sh -t assembly "public-tests/phase4-dataflow/public/input/cp-13.dcf" -O all --debug
----------------------------------------
Optimization counts:
  --> CP: 14
  --> DCE: 12
  --> CSE: 1
Test passed for public-tests/phase4-dataflow/public/input/cp-13.dcf

========================================
Running: ./run.sh -t assembly "public-tests/phase4-dataflow/public/input/cp-14.dcf" -O all --debug
----------------------------------------
Optimization counts:
  --> CP: 5
  --> DCE: 5
  --> CSE: 0
Test passed for public-tests/phase4-dataflow/public/input/cp-14.dcf

========================================
Running: ./run.sh -t assembly "public-tests/phase4-dataflow/public/input/cp-15.dcf" -O all --debug
----------------------------------------
Optimization counts:
  --> CP: 5
  --> DCE: 10
  --> CSE: 0
Test passed for public-tests/phase4-dataflow/public/input/cp-15.dcf

========================================
Running: ./run.sh -t assembly "public-tests/phase4-dataflow/public/input/cp-16.dcf" -O all --debug
----------------------------------------
Optimization counts:
  --> CP: 8
  --> DCE: 6
  --> CSE: 0
Test passed for public-tests/phase4-dataflow/public/input/cp-16.dcf

========================================
Running: ./run.sh -t assembly "public-tests/phase4-dataflow/public/input/cp-17.dcf" -O all --debug
----------------------------------------
Optimization counts:
  --> CP: 5
  --> DCE: 5
  --> CSE: 0
Test passed for public-tests/phase4-dataflow/public/input/cp-17.dcf

========================================
Running: ./run.sh -t assembly "public-tests/phase4-dataflow/public/input/cse-01.dcf" -O all --debug
----------------------------------------
Optimization counts:
  --> CP: 7
  --> DCE: 9
  --> CSE: 1
Test passed for public-tests/phase4-dataflow/public/input/cse-01.dcf

========================================
Running: ./run.sh -t assembly "public-tests/phase4-dataflow/public/input/cse-02.dcf" -O all --debug
----------------------------------------
Optimization counts:
  --> CP: 6
  --> DCE: 6
  --> CSE: 1
Test passed for public-tests/phase4-dataflow/public/input/cse-02.dcf

========================================
Running: ./run.sh -t assembly "public-tests/phase4-dataflow/public/input/cse-03.dcf" -O all --debug
----------------------------------------
Optimization counts:
  --> CP: 14
  --> DCE: 12
  --> CSE: 4
Test passed for public-tests/phase4-dataflow/public/input/cse-03.dcf

========================================
Running: ./run.sh -t assembly "public-tests/phase4-dataflow/public/input/cse-04.dcf" -O all --debug
----------------------------------------
Optimization counts:
  --> CP: 6
  --> DCE: 9
  --> CSE: 0
Test passed for public-tests/phase4-dataflow/public/input/cse-04.dcf

========================================
Running: ./run.sh -t assembly "public-tests/phase4-dataflow/public/input/cse-05.dcf" -O all --debug
----------------------------------------
Optimization counts:
  --> CP: 5
  --> DCE: 5
  --> CSE: 0
Test passed for public-tests/phase4-dataflow/public/input/cse-05.dcf

========================================
Running: ./run.sh -t assembly "public-tests/phase4-dataflow/public/input/cse-06.dcf" -O all --debug
----------------------------------------
Optimization counts:
  --> CP: 6
  --> DCE: 4
  --> CSE: 0
Test passed for public-tests/phase4-dataflow/public/input/cse-06.dcf

========================================
Running: ./run.sh -t assembly "public-tests/phase4-dataflow/public/input/cse-07.dcf" -O all --debug
----------------------------------------
Optimization counts:
  --> CP: 0
  --> DCE: 0
  --> CSE: 0
Test passed for public-tests/phase4-dataflow/public/input/cse-07.dcf

========================================
Running: ./run.sh -t assembly "public-tests/phase4-dataflow/public/input/cse-08.dcf" -O all --debug
----------------------------------------
Optimization counts:
  --> CP: 0
  --> DCE: 0
  --> CSE: 0
Test passed for public-tests/phase4-dataflow/public/input/cse-08.dcf

========================================
Running: ./run.sh -t assembly "public-tests/phase4-dataflow/public/input/cse-09.dcf" -O all --debug
----------------------------------------
Optimization counts:
  --> CP: 9
  --> DCE: 7
  --> CSE: 2
Test passed for public-tests/phase4-dataflow/public/input/cse-09.dcf

========================================
Running: ./run.sh -t assembly "public-tests/phase4-dataflow/public/input/cse-10.dcf" -O all --debug
----------------------------------------
Optimization counts:
  --> CP: 8
  --> DCE: 5
  --> CSE: 0
Test passed for public-tests/phase4-dataflow/public/input/cse-10.dcf

========================================
Running: ./run.sh -t assembly "public-tests/phase4-dataflow/public/input/cse-11.dcf" -O all --debug
----------------------------------------
Optimization counts:
  --> CP: 5
  --> DCE: 5
  --> CSE: 1
Test passed for public-tests/phase4-dataflow/public/input/cse-11.dcf

========================================
Running: ./run.sh -t assembly "public-tests/phase4-dataflow/public/input/cse-12.dcf" -O all --debug
----------------------------------------
Optimization counts:
  --> CP: 7
  --> DCE: 9
  --> CSE: 1
Test passed for public-tests/phase4-dataflow/public/input/cse-12.dcf

========================================
Running: ./run.sh -t assembly "public-tests/phase4-dataflow/public/input/cse-13.dcf" -O all --debug
----------------------------------------
Optimization counts:
  --> CP: 6
  --> DCE: 6
  --> CSE: 1
Test passed for public-tests/phase4-dataflow/public/input/cse-13.dcf

========================================
Running: ./run.sh -t assembly "public-tests/phase4-dataflow/public/input/cse-14.dcf" -O all --debug
----------------------------------------
Optimization counts:
  --> CP: 6
  --> DCE: 6
  --> CSE: 1
Test passed for public-tests/phase4-dataflow/public/input/cse-14.dcf

========================================
Running: ./run.sh -t assembly "public-tests/phase4-dataflow/public/input/cse-15.dcf" -O all --debug
----------------------------------------
Optimization counts:
  --> CP: 8
  --> DCE: 5
  --> CSE: 1
Test passed for public-tests/phase4-dataflow/public/input/cse-15.dcf

========================================
Running: ./run.sh -t assembly "public-tests/phase4-dataflow/public/input/cse-16.dcf" -O all --debug
----------------------------------------
Optimization counts:
  --> CP: 5
  --> DCE: 7
  --> CSE: 0
Test passed for public-tests/phase4-dataflow/public/input/cse-16.dcf

========================================
Running: ./run.sh -t assembly "public-tests/phase4-dataflow/public/input/dce-01.dcf" -O all --debug
----------------------------------------
Optimization counts:
  --> CP: 7
  --> DCE: 6
  --> CSE: 0
Test passed for public-tests/phase4-dataflow/public/input/dce-01.dcf

========================================
Running: ./run.sh -t assembly "public-tests/phase4-dataflow/public/input/dce-02.dcf" -O all --debug
----------------------------------------
Optimization counts:
  --> CP: 6
  --> DCE: 5
  --> CSE: 0
Test passed for public-tests/phase4-dataflow/public/input/dce-02.dcf

========================================
Running: ./run.sh -t assembly "public-tests/phase4-dataflow/public/input/dce-03.dcf" -O all --debug
----------------------------------------
Optimization counts:
  --> CP: 7
  --> DCE: 7
  --> CSE: 0
Test passed for public-tests/phase4-dataflow/public/input/dce-03.dcf

========================================
Running: ./run.sh -t assembly "public-tests/phase4-dataflow/public/input/dce-04.dcf" -O all --debug
----------------------------------------
Optimization counts:
  --> CP: 4
  --> DCE: 6
  --> CSE: 0
Test passed for public-tests/phase4-dataflow/public/input/dce-04.dcf

========================================
Running: ./run.sh -t assembly "public-tests/phase4-dataflow/public/input/dce-05.dcf" -O all --debug
----------------------------------------
Optimization counts:
  --> CP: 0
  --> DCE: 0
  --> CSE: 0
Test passed for public-tests/phase4-dataflow/public/input/dce-05.dcf

========================================
Running: ./run.sh -t assembly "public-tests/phase4-dataflow/public/input/dce-06.dcf" -O all --debug
----------------------------------------
Optimization counts:
  --> CP: 0
  --> DCE: 0
  --> CSE: 0
Test passed for public-tests/phase4-dataflow/public/input/dce-06.dcf

========================================
Running: ./run.sh -t assembly "public-tests/phase4-dataflow/public/input/dce-07.dcf" -O all --debug
----------------------------------------
Optimization counts:
  --> CP: 0
  --> DCE: 0
  --> CSE: 0
Test passed for public-tests/phase4-dataflow/public/input/dce-07.dcf

========================================
Running: ./run.sh -t assembly "public-tests/phase4-dataflow/public/input/dce-08.dcf" -O all --debug
----------------------------------------
Optimization counts:
  --> CP: 7
  --> DCE: 6
  --> CSE: 0
Test passed for public-tests/phase4-dataflow/public/input/dce-08.dcf

========================================
Running: ./run.sh -t assembly "public-tests/phase4-dataflow/public/input/dce-09.dcf" -O all --debug
----------------------------------------
Optimization counts:
  --> CP: 5
  --> DCE: 8
  --> CSE: 0
Test passed for public-tests/phase4-dataflow/public/input/dce-09.dcf

========================================
Running: ./run.sh -t assembly "public-tests/phase4-dataflow/public/input/dce-10.dcf" -O all --debug
----------------------------------------
Optimization counts:
  --> CP: 4
  --> DCE: 6
  --> CSE: 0
Test passed for public-tests/phase4-dataflow/public/input/dce-10.dcf

========================================
Running: ./run.sh -t assembly "public-tests/phase4-dataflow/public/input/dce-11.dcf" -O all --debug
----------------------------------------
Optimization counts:
  --> CP: 5
  --> DCE: 2
  --> CSE: 0
Test passed for public-tests/phase4-dataflow/public/input/dce-11.dcf

========================================
Running: ./run.sh -t assembly "public-tests/phase4-dataflow/public/input/dce-12.dcf" -O all --debug
----------------------------------------
Optimization counts:
  --> CP: 8
  --> DCE: 10
  --> CSE: 1
Test passed for public-tests/phase4-dataflow/public/input/dce-12.dcf

========================================
Running: ./run.sh -t assembly "public-tests/phase4-dataflow/public/input/dce-13.dcf" -O all --debug
----------------------------------------
Optimization counts:
  --> CP: 4
  --> DCE: 5
  --> CSE: 0
Test passed for public-tests/phase4-dataflow/public/input/dce-13.dcf

========================================
Running: ./run.sh -t assembly "public-tests/phase4-dataflow/public/input/dce-14.dcf" -O all --debug
----------------------------------------
Optimization counts:
  --> CP: 8
  --> DCE: 7
  --> CSE: 0
Test passed for public-tests/phase4-dataflow/public/input/dce-14.dcf

========================================
Running: ./run.sh -t assembly "public-tests/phase4-dataflow/public/input/dce-15.dcf" -O all --debug
----------------------------------------
Optimization counts:
  --> CP: 6
  --> DCE: 5
  --> CSE: 0
Test passed for public-tests/phase4-dataflow/public/input/dce-15.dcf

========================================
Running: ./run.sh -t assembly "public-tests/phase4-dataflow/public/input/dce-16.dcf" -O all --debug
----------------------------------------
Optimization counts:
  --> CP: 6
  --> DCE: 6
  --> CSE: 0
Test passed for public-tests/phase4-dataflow/public/input/dce-16.dcf

========================================
Running: ./run.sh -t assembly "public-tests/phase4-dataflow/public/input/dce-17.dcf" -O all --debug
----------------------------------------
Optimization counts:
  --> CP: 6
  --> DCE: 7
  --> CSE: 0
Test passed for public-tests/phase4-dataflow/public/input/dce-17.dcf

========================================
Execution completed. Results saved in outpub.out.
Total Passed: 50
Total Failed: 0
